2010-05-27  (). Can't get query 1062: Duplicate entry 'rghanem' for key 3 (register.php '1').
2010-05-27  (). Can't get query 1062: Duplicate entry 'rghanem' for key 3 (register.php '1').
2010-05-27  (). Can't get query 1062: Duplicate entry 'rghanem' for key 3 (register.php '1').
2010-05-27  (). Can't get query 1062: Duplicate entry 'rghanem' for key 3 (register.php '1').
2010-05-27  (). Can't get query 1062: Duplicate entry 'pghanem' for key 3 (register.php '1').
2010-05-28  (). Can't get query 1062: Duplicate entry 'rghanem' for key 3 (register.php '1').
2010-05-29  (). Can't get query 2003: Can't connect to MySQL server on 'localhost' (10061)(chat_login.php '1').
2010-05-29  (). Can't get query 2003: Can't connect to MySQL server on 'localhost' (10061)(chat_login.php '1').
2010-05-29  (). Can't get query 2003: Can't connect to MySQL server on 'localhost' (10061) (admin_main.php '3').
2010-05-29  (). Can't get query 2003: Can't connect to MySQL server on 'localhost' (10061) (chat_login.php '1').
2010-05-29  (). Can't get query 2003: Can't connect to MySQL server on 'localhost' (10061) (upload.php '22').
2010-05-29  (). Can't get query 2003: Can't connect to MySQL server on 'localhost' (10061) (admin_main.php '3').
2010-05-29  (). Can't get query 2003: Can't connect to MySQL server on 'localhost' (10061)(chat_login.php '1').
2010-05-29  (). Can't get query 2003: Can't connect to MySQL server on 'localhost' (10061) (admin_main.php '3').
2010-05-29  (). Can't get query 2003: Can't connect to MySQL server on 'localhost' (10061) (upload.php '22').
2010-05-29  (). Can't get query 2003: Can't connect to MySQL server on 'localhost' (10061) (admin_main.php '3').
2010-05-29  (). Can't get query 2003: Can't connect to MySQL server on 'localhost' (10061) (admin_main.php '3').
2010-05-29  (). Can't get query 2003: Can't connect to MySQL server on 'localhost' (10061) (register.php '1').
2010-05-29  (). Can't get query 2003: Can't connect to MySQL server on 'localhost' (10061) (register.php '1').
2010-05-29  (). Can't get query 2003: Can't connect to MySQL server on 'localhost' (10061) (register.php '1').
2010-05-29  (). Can't get query 2003: Can't connect to MySQL server on 'localhost' (10061) (admin_main.php '3').
2010-05-30  (). Can't get query 2003: Can't connect to MySQL server on 'localhost' (10061) (admin_main.php '3').
2010-05-30  (). Can't get query 2003: Can't connect to MySQL server on 'localhost' (10061) (admin_main.php '3').
2010-05-30  (). Can't get query 2003: Can't connect to MySQL server on 'localhost' (10061) (admin_main.php '3').
2010-05-30  (). Can't get query 2003: Can't connect to MySQL server on 'localhost' (10061) (register.php '1').
2010-05-30  (). Can't get query 2003: Can't connect to MySQL server on 'localhost' (10061) (register.php '1').
2010-05-30  (). Can't get query 2003: Can't connect to MySQL server on 'localhost' (10061) (register.php '1').
2010-05-30  (). Can't get query 2003: Can't connect to MySQL server on 'localhost' (10061) (register.php '1').
2010-05-30  (). Can't get query 2003: Can't connect to MySQL server on 'localhost' (10061) (register.php '1').
2010-05-30  (). Can't get query 2003: Can't connect to MySQL server on 'localhost' (10061) (register.php '1').
2010-05-30  (). Can't get query 2003: Can't connect to MySQL server on 'localhost' (10061) (register.php '1').
2010-05-30  (). Can't get query 2003: Can't connect to MySQL server on 'localhost' (10061) (register.php '1').
2010-05-30  (). Can't get query 2003: Can't connect to MySQL server on 'localhost' (10061) (admin_main.php '3').
2010-05-30  (). Can't get query 2003: Can't connect to MySQL server on 'localhost' (10061) (admin_main.php '3').
2010-05-30  (). Can't get query 2003: Can't connect to MySQL server on 'localhost' (10061) (admin_main.php '3').
2010-05-30  (). Can't get query 2003: Can't connect to MySQL server on 'localhost' (10061) (register.php '1').
2010-05-30  (). Can't get query 2003: Can't connect to MySQL server on 'localhost' (10061) (register.php '1').
2010-05-30  (). Can't get query 2003: Can't connect to MySQL server on 'localhost' (10061) (register.php '1').
2010-05-30  (). Can't get query 2003: Can't connect to MySQL server on 'localhost' (10061) (register.php '1').
2010-05-30  (). Can't get query 2003: Can't connect to MySQL server on 'localhost' (10061) (register.php '1').
2010-05-30  (). Can't get query 2003: Can't connect to MySQL server on 'localhost' (10061) (register.php '1').
2010-05-30  (). Can't get query 2003: Can't connect to MySQL server on 'localhost' (10061) (admin_main.php '3').
2010-05-30  (). Can't get query 2003: Can't connect to MySQL server on 'localhost' (10061) (admin_main.php '3').
2010-05-31  (). Can't get query 2003: Can't connect to MySQL server on 'localhost' (10061) (admin_main.php '3').
2010-06-01  (). Can't get query 2003: Can't connect to MySQL server on 'localhost' (10061) (admin_main.php '3').
2010-06-01  (). Can't get query 2003: Can't connect to MySQL server on 'localhost' (10061) (admin_main.php '3').
2010-06-02  (). Can't get query 2003: Can't connect to MySQL server on 'localhost' (10061) (admin_main.php '3').
2010-06-02  (). Can't get query 2003: Can't connect to MySQL server on 'localhost' (10061) (admin_main.php '3').
2010-06-02  (). Can't get query 2003: Can't connect to MySQL server on 'localhost' (10061) (admin_main.php '3').
2010-06-02  (). Can't get query 2003: Can't connect to MySQL server on 'localhost' (10061) (admin_main.php '3').
2010-06-02  (). Can't get query 2003: Can't connect to MySQL server on 'localhost' (10061) (admin_main.php '3').
2010-06-03  (). Can't get query 2003: Can't connect to MySQL server on 'localhost' (10061) (admin_main.php '3').
2010-06-04  (). Can't get query 2003: Can't connect to MySQL server on 'localhost' (10061) (register.php '1').
2010-06-04  (). Can't get query 2003: Can't connect to MySQL server on 'localhost' (10061) (register.php '1').
2010-06-04  (). Can't get query 2003: Can't connect to MySQL server on 'localhost' (10061) (register.php '1').
2010-06-04  (). Can't get query 2003: Can't connect to MySQL server on 'localhost' (10061) (register.php '1').
2010-06-04  (). Can't get query 2003: Can't connect to MySQL server on 'localhost' (10061) (login.php '1').
2010-06-04  (). Can't get query 2003: Can't connect to MySQL server on 'localhost' (10061) (login.php '1').
2010-06-05  (). Can't get query 2003: Can't connect to MySQL server on 'localhost' (10061) (admin_main.php '3').
2010-06-07  (). Can't get query 1054: Unknown column 'ppw' in 'where clause'(login.php '1').
2010-06-07  (). Can't get query 1054: Unknown column 'ppw' in 'where clause'(login.php '1').
2010-06-14  (). Can't get query 1054: Unknown column 'ppw' in 'where clause' (login.php '1').
2010-06-26  (). Can't get query 1054: Unknown column 'ppw' in 'field list' (register.php '1').
2010-06-26  (). Can't get query 1054: Unknown column 'ppw' in 'field list' (register.php '1').
2010-06-26  (). Can't get query 1054: Unknown column 'ppw' in 'field list' (register.php '1').
2010-06-26  (). Can't get query 1054: Unknown column 'ppw' in 'where clause'(login.php '1').
2010-06-26  (). Can't get query 1054: Unknown column 'ppw' in 'where clause'(login.php '1').
2010-06-26  (). Can't get query 1054: Unknown column 'ppw' in 'field list' (register.php '1').
2010-06-26  (). Can't get query 1054: Unknown column 'ppw' in 'field list' (register.php '1').
2010-06-26  (). Can't get query 1054: Unknown column 'ppw' in 'field list' (register.php '1').
2010-06-26  (). Can't get query 1054: Unknown column 'ppw' in 'field list' (register.php '1').
2011-03-14  (). Can't get query 1062: Duplicate entry 'ahaj madoun' for key 3 (register.php '1').
2011-03-14  (). Can't get query 1062: Duplicate entry 'ahaj madoun' for key 3 (register.php '1').
2011-03-14  (). Can't get query 1062: Duplicate entry 'ahaj madoun' for key 3 (register.php '1').
